<?xml version="1.0" encoding="UTF-8"?>
<!-- Generated by org.testng.reporters.JUnitReportReporter -->
<testsuite hostname="Asus" failures="0" tests="4" name="org.example.AppAPITest" time="4.952" errors="0" timestamp="2023-11-16T15:28:37 GET" skipped="0">
  <testcase classname="org.example.AppAPITest" name="editDetailsOfThePlaylistTest" time="0.841"/>
  <testcase classname="org.example.AppAPITest" name="removeSongFromPlaylistTest" time="1.399"/>
  <testcase classname="org.example.AppAPITest" name="addItemsToPlaylistTest" time="1.936"/>
  <testcase classname="org.example.AppAPITest" name="createPlaylistTest" time="0.776"/>
</testsuite> <!-- org.example.AppAPITest -->
