<?xml version="1.0" encoding="UTF-8"?>
<!-- Generated by org.testng.reporters.JUnitReportReporter -->
<testsuite hostname="Asus" failures="0" tests="2" name="org.example.AppUIAndAPITest" time="173.717" errors="0" timestamp="2023-11-16T05:32:33 GET" skipped="0">
  <testcase classname="org.example.AppUIAndAPITest" name="editDetailsOfThePlaylistTest" time="144.897"/>
  <testcase classname="org.example.AppUIAndAPITest" name="addSongToPlaylistTest" time="28.820"/>
</testsuite> <!-- org.example.AppUIAndAPITest -->
